<?xml version="1.0" encoding="UTF-8"?>
<testsuite name="AlphabetTest" tests="6" skipped="0" failures="0" errors="0" timestamp="2023-04-06T04:17:08" hostname="MacBook-Air-de-Hamza.local" time="0.011">
  <properties/>
  <testcase name="Language1()" classname="AlphabetTest" time="0.008"/>
  <testcase name="Language2()" classname="AlphabetTest" time="0.001"/>
  <testcase name="Language3()" classname="AlphabetTest" time="0.0"/>
  <testcase name="Language4()" classname="AlphabetTest" time="0.001"/>
  <testcase name="Language5()" classname="AlphabetTest" time="0.0"/>
  <testcase name="simpleEnglishLanguage()" classname="AlphabetTest" time="0.001"/>
  <system-out><![CDATA[]]></system-out>
  <system-err><![CDATA[]]></system-err>
</testsuite>
